<?xml version="1.0" encoding="UTF-8"?>
<!-- Generated by org.testng.reporters.JUnitReportReporter -->
<testsuite hostname="LAPTOP-DSA6LJUC" failures="0" tests="1" name="Files.dynamicjson" time="4.216" errors="0" timestamp="2025-04-27T16:40:40 IST" skipped="0">
  <testcase classname="Files.dynamicjson" name="addBook" time="4.216"/>
</testsuite> <!-- Files.dynamicjson -->
